<?xml version="1.0" encoding="UTF-8"?>
<testsuite name="com.phonebook.tests.CreateAccountTests" tests="1" skipped="0" failures="0" errors="0" timestamp="2025-04-30T09:54:24" hostname="LAPTOP-6EFDPQFV" time="1.646">
  <properties/>
  <testcase name="existedUserRegistrationNegativeTest" classname="com.phonebook.tests.CreateAccountTests" time="1.646"/>
  <system-out><![CDATA[11:54:14.558 [Test worker] INFO  com.phonebook.tests.TestBase -- Start testexistedUserRegistrationNegativeTest[]
11:54:14.560 [Test worker] INFO  com.phonebook.utils.MyListener -- Before find elements -> Logger[com.phonebook.utils.MyListener]
11:54:14.560 [Test worker] INFO  com.phonebook.utils.MyListener -- =========================================================
11:54:24.620 [Test worker] INFO  com.phonebook.utils.MyListener -- List size -> 0
11:54:24.620 [Test worker] INFO  com.phonebook.utils.MyListener -- =========================================================
11:54:24.622 [Test worker] INFO  com.phonebook.utils.MyListener -- The locator will find -> By.xpath: //button[.='Sign Out']
11:54:24.622 [Test worker] INFO  com.phonebook.utils.MyListener -- =========================================================
11:54:24.637 [Test worker] INFO  com.phonebook.utils.MyListener -- The locator is -> By.xpath: //button[.='Sign Out']
11:54:24.638 [Test worker] INFO  com.phonebook.utils.MyListener -- =========================================================
11:54:24.716 [Test worker] INFO  com.phonebook.utils.MyListener -- The locator will find -> By.cssSelector: [href='/login']
11:54:24.716 [Test worker] INFO  com.phonebook.utils.MyListener -- =========================================================
11:54:24.737 [Test worker] INFO  com.phonebook.utils.MyListener -- The locator is -> By.cssSelector: [href='/login']
11:54:24.737 [Test worker] INFO  com.phonebook.utils.MyListener -- =========================================================
11:54:24.816 [Test worker] INFO  com.phonebook.utils.MyListener -- The locator will find -> By.name: email
11:54:24.816 [Test worker] INFO  com.phonebook.utils.MyListener -- =========================================================
11:54:24.832 [Test worker] INFO  com.phonebook.utils.MyListener -- The locator is -> By.name: email
11:54:24.832 [Test worker] INFO  com.phonebook.utils.MyListener -- =========================================================
11:54:24.898 [Test worker] INFO  com.phonebook.utils.MyListener -- The locator will find -> By.name: email
11:54:24.899 [Test worker] INFO  com.phonebook.utils.MyListener -- =========================================================
11:54:24.910 [Test worker] INFO  com.phonebook.utils.MyListener -- The locator is -> By.name: email
11:54:24.910 [Test worker] INFO  com.phonebook.utils.MyListener -- =========================================================
11:54:24.940 [Test worker] INFO  com.phonebook.utils.MyListener -- The locator will find -> By.name: email
11:54:24.940 [Test worker] INFO  com.phonebook.utils.MyListener -- =========================================================
11:54:24.948 [Test worker] INFO  com.phonebook.utils.MyListener -- The locator is -> By.name: email
11:54:24.948 [Test worker] INFO  com.phonebook.utils.MyListener -- =========================================================
11:54:25.006 [Test worker] INFO  com.phonebook.utils.MyListener -- The locator will find -> By.name: password
11:54:25.006 [Test worker] INFO  com.phonebook.utils.MyListener -- =========================================================
11:54:25.014 [Test worker] INFO  com.phonebook.utils.MyListener -- The locator is -> By.name: password
11:54:25.014 [Test worker] INFO  com.phonebook.utils.MyListener -- =========================================================
11:54:25.087 [Test worker] INFO  com.phonebook.utils.MyListener -- The locator will find -> By.name: password
11:54:25.087 [Test worker] INFO  com.phonebook.utils.MyListener -- =========================================================
11:54:25.095 [Test worker] INFO  com.phonebook.utils.MyListener -- The locator is -> By.name: password
11:54:25.095 [Test worker] INFO  com.phonebook.utils.MyListener -- =========================================================
11:54:25.122 [Test worker] INFO  com.phonebook.utils.MyListener -- The locator will find -> By.name: password
11:54:25.122 [Test worker] INFO  com.phonebook.utils.MyListener -- =========================================================
11:54:25.130 [Test worker] INFO  com.phonebook.utils.MyListener -- The locator is -> By.name: password
11:54:25.130 [Test worker] INFO  com.phonebook.utils.MyListener -- =========================================================
11:54:25.173 [Test worker] INFO  com.phonebook.utils.MyListener -- The locator will find -> By.name: registration
11:54:25.173 [Test worker] INFO  com.phonebook.utils.MyListener -- =========================================================
11:54:25.190 [Test worker] INFO  com.phonebook.utils.MyListener -- The locator is -> By.name: registration
11:54:25.190 [Test worker] INFO  com.phonebook.utils.MyListener -- =========================================================
11:54:25.297 [Test worker] INFO  com.phonebook.utils.MyListener -- The test has a problem
11:54:25.297 [Test worker] INFO  com.phonebook.utils.MyListener -- =========================================================
11:54:25.297 [Test worker] INFO  com.phonebook.utils.MyListener -- Method -> alert
11:54:25.297 [Test worker] INFO  com.phonebook.utils.MyListener -- =========================================================
11:54:25.299 [Test worker] INFO  com.phonebook.utils.MyListener -- TargetException -> org.openqa.selenium.NoAlertPresentException: no such alert
  (Session info: chrome=135.0.7049.97)
Build info: version: '4.31.0', revision: '1ef9f18787*'
System info: os.name: 'Windows 11', os.arch: 'amd64', os.version: '10.0', java.version: '17.0.13'
Driver info: org.openqa.selenium.chrome.ChromeDriver
Command: [12b814d60c8df3e76b0f016596db774a, getAlertText {}]
Capabilities {acceptInsecureCerts: false, browserName: chrome, browserVersion: 135.0.7049.97, chrome: {chromedriverVersion: 135.0.7049.42 (0f351bbd2617..., userDataDir: C:\Users\anyat\AppData\Loca...}, fedcm:accounts: true, goog:chromeOptions: {debuggerAddress: localhost:65493}, networkConnectionEnabled: false, pageLoadStrategy: normal, platformName: windows, proxy: Proxy(), se:cdp: ws://localhost:65493/devtoo..., se:cdpVersion: 135.0.7049.97, setWindowRect: true, strictFileInteractability: false, timeouts: {implicit: 0, pageLoad: 300000, script: 30000}, unhandledPromptBehavior: dismiss and notify, webauthn:extension:credBlob: true, webauthn:extension:largeBlob: true, webauthn:extension:minPinLength: true, webauthn:extension:prf: true, webauthn:virtualAuthenticators: true}
Session ID: 12b814d60c8df3e76b0f016596db774a
11:54:25.301 [Test worker] INFO  com.phonebook.utils.MyListener -- =========================================================
11:54:25.301 [Test worker] INFO  com.phonebook.utils.MyListener -- Object target -> org.openqa.selenium.remote.RemoteWebDriver$RemoteTargetLocator@3212bfd
11:54:25.301 [Test worker] INFO  com.phonebook.utils.MyListener -- =========================================================
11:54:25.810 [Test worker] INFO  com.phonebook.utils.MyListener -- The test has a problem
11:54:25.810 [Test worker] INFO  com.phonebook.utils.MyListener -- =========================================================
11:54:25.810 [Test worker] INFO  com.phonebook.utils.MyListener -- Method -> alert
11:54:25.811 [Test worker] INFO  com.phonebook.utils.MyListener -- =========================================================
11:54:25.811 [Test worker] INFO  com.phonebook.utils.MyListener -- TargetException -> org.openqa.selenium.NoAlertPresentException: no such alert
  (Session info: chrome=135.0.7049.97)
Build info: version: '4.31.0', revision: '1ef9f18787*'
System info: os.name: 'Windows 11', os.arch: 'amd64', os.version: '10.0', java.version: '17.0.13'
Driver info: org.openqa.selenium.chrome.ChromeDriver
Command: [12b814d60c8df3e76b0f016596db774a, getAlertText {}]
Capabilities {acceptInsecureCerts: false, browserName: chrome, browserVersion: 135.0.7049.97, chrome: {chromedriverVersion: 135.0.7049.42 (0f351bbd2617..., userDataDir: C:\Users\anyat\AppData\Loca...}, fedcm:accounts: true, goog:chromeOptions: {debuggerAddress: localhost:65493}, networkConnectionEnabled: false, pageLoadStrategy: normal, platformName: windows, proxy: Proxy(), se:cdp: ws://localhost:65493/devtoo..., se:cdpVersion: 135.0.7049.97, setWindowRect: true, strictFileInteractability: false, timeouts: {implicit: 0, pageLoad: 300000, script: 30000}, unhandledPromptBehavior: dismiss and notify, webauthn:extension:credBlob: true, webauthn:extension:largeBlob: true, webauthn:extension:minPinLength: true, webauthn:extension:prf: true, webauthn:virtualAuthenticators: true}
Session ID: 12b814d60c8df3e76b0f016596db774a
11:54:25.811 [Test worker] INFO  com.phonebook.utils.MyListener -- =========================================================
11:54:25.811 [Test worker] INFO  com.phonebook.utils.MyListener -- Object target -> org.openqa.selenium.remote.RemoteWebDriver$RemoteTargetLocator@1cc9bd9b
11:54:25.811 [Test worker] INFO  com.phonebook.utils.MyListener -- =========================================================
11:54:26.342 [Test worker] INFO  com.phonebook.utils.MyListener -- Before find elements -> Logger[com.phonebook.utils.MyListener]
11:54:26.342 [Test worker] INFO  com.phonebook.utils.MyListener -- =========================================================
11:54:26.360 [Test worker] INFO  com.phonebook.utils.MyListener -- List size -> 1
11:54:26.361 [Test worker] INFO  com.phonebook.utils.MyListener -- =========================================================
11:54:26.361 [Test worker] INFO  com.phonebook.tests.TestBase -- PASSED: existedUserRegistrationNegativeTest
11:54:26.361 [Test worker] INFO  com.phonebook.tests.TestBase -- Stop test
11:54:26.361 [Test worker] INFO  com.phonebook.tests.TestBase -- ==========================================================
]]></system-out>
  <system-err><![CDATA[]]></system-err>
</testsuite>
