<!DOCTYPE html>
<html>
<head>
<meta http-equiv="Content-Type" content="text/html; charset=utf-8"/>
<meta http-equiv="x-ua-compatible" content="IE=edge"/>
<title>Test results - Class com.phonebook.tests.LoginTests</title>
<link href="../css/base-style.css" rel="stylesheet" type="text/css"/>
<link href="../css/style.css" rel="stylesheet" type="text/css"/>
<script src="../js/report.js" type="text/javascript"></script>
</head>
<body>
<div id="content">
<h1>Class com.phonebook.tests.LoginTests</h1>
<div class="breadcrumbs">
<a href="../index.html">all</a> &gt; 
<a href="../packages/com.phonebook.tests.html">com.phonebook.tests</a> &gt; LoginTests</div>
<div id="summary">
<table>
<tr>
<td>
<div class="summaryGroup">
<table>
<tr>
<td>
<div class="infoBox" id="tests">
<div class="counter">1</div>
<p>tests</p>
</div>
</td>
<td>
<div class="infoBox" id="failures">
<div class="counter">0</div>
<p>failures</p>
</div>
</td>
<td>
<div class="infoBox" id="ignored">
<div class="counter">0</div>
<p>ignored</p>
</div>
</td>
<td>
<div class="infoBox" id="duration">
<div class="counter">2.009s</div>
<p>duration</p>
</div>
</td>
</tr>
</table>
</div>
</td>
<td>
<div class="infoBox success" id="successRate">
<div class="percent">100%</div>
<p>successful</p>
</div>
</td>
</tr>
</table>
</div>
<div id="tabs">
<ul class="tabLinks">
<li>
<a href="#tab0">Tests</a>
</li>
<li>
<a href="#tab1">Standard output</a>
</li>
</ul>
<div id="tab0" class="tab">
<h2>Tests</h2>
<table>
<thead>
<tr>
<th>Test</th>
<th>Duration</th>
<th>Result</th>
</tr>
</thead>
<tr>
<td class="success">loginNegativeWithoutEmailTest</td>
<td class="success">2.009s</td>
<td class="success">passed</td>
</tr>
</table>
</div>
<div id="tab1" class="tab">
<h2>Standard output</h2>
<span class="code">
<pre>13:33:56.782 [Test worker] INFO  com.phonebook.tests.TestBase -- Start testloginNegativeWithoutEmailTest[]
13:33:56.786 [Test worker] INFO  com.phonebook.utils.MyListener -- Before find elements -&gt; Logger[com.phonebook.utils.MyListener]
13:33:56.788 [Test worker] INFO  com.phonebook.utils.MyListener -- =========================================================
13:33:56.867 [Test worker] INFO  com.phonebook.utils.MyListener -- List size -&gt; 1
13:33:56.868 [Test worker] INFO  com.phonebook.utils.MyListener -- =========================================================
13:33:56.873 [Test worker] INFO  com.phonebook.utils.MyListener -- The locator will find -&gt; By.cssSelector: [href='/login']
13:33:56.875 [Test worker] INFO  com.phonebook.utils.MyListener -- =========================================================
13:33:56.904 [Test worker] INFO  com.phonebook.utils.MyListener -- The locator is -&gt; By.cssSelector: [href='/login']
13:33:56.904 [Test worker] INFO  com.phonebook.utils.MyListener -- =========================================================
13:33:57.100 [Test worker] INFO  com.phonebook.utils.MyListener -- The locator will find -&gt; By.name: password
13:33:57.100 [Test worker] INFO  com.phonebook.utils.MyListener -- =========================================================
13:33:57.150 [Test worker] INFO  com.phonebook.utils.MyListener -- The locator is -&gt; By.name: password
13:33:57.151 [Test worker] INFO  com.phonebook.utils.MyListener -- =========================================================
13:33:57.285 [Test worker] INFO  com.phonebook.utils.MyListener -- The locator will find -&gt; By.name: password
13:33:57.286 [Test worker] INFO  com.phonebook.utils.MyListener -- =========================================================
13:33:57.302 [Test worker] INFO  com.phonebook.utils.MyListener -- The locator is -&gt; By.name: password
13:33:57.302 [Test worker] INFO  com.phonebook.utils.MyListener -- =========================================================
13:33:57.360 [Test worker] INFO  com.phonebook.utils.MyListener -- The locator will find -&gt; By.name: password
13:33:57.360 [Test worker] INFO  com.phonebook.utils.MyListener -- =========================================================
13:33:57.392 [Test worker] INFO  com.phonebook.utils.MyListener -- The locator is -&gt; By.name: password
13:33:57.393 [Test worker] INFO  com.phonebook.utils.MyListener -- =========================================================
13:33:57.505 [Test worker] INFO  com.phonebook.utils.MyListener -- The locator will find -&gt; By.name: login
13:33:57.505 [Test worker] INFO  com.phonebook.utils.MyListener -- =========================================================
13:33:57.549 [Test worker] INFO  com.phonebook.utils.MyListener -- The locator is -&gt; By.name: login
13:33:57.549 [Test worker] INFO  com.phonebook.utils.MyListener -- =========================================================
13:33:57.764 [Test worker] INFO  com.phonebook.utils.MyListener -- The test has a problem
13:33:57.765 [Test worker] INFO  com.phonebook.utils.MyListener -- =========================================================
13:33:57.766 [Test worker] INFO  com.phonebook.utils.MyListener -- Method -&gt; alert
13:33:57.766 [Test worker] INFO  com.phonebook.utils.MyListener -- =========================================================
13:33:57.776 [Test worker] INFO  com.phonebook.utils.MyListener -- TargetException -&gt; org.openqa.selenium.NoAlertPresentException: no such alert
  (Session info: chrome=135.0.7049.97)
Build info: version: '4.31.0', revision: '1ef9f18787*'
System info: os.name: 'Windows 11', os.arch: 'amd64', os.version: '10.0', java.version: '17.0.13'
Driver info: org.openqa.selenium.chrome.ChromeDriver
Command: [e77e2f0d287b709993e48d3c7c749014, getAlertText {}]
Capabilities {acceptInsecureCerts: false, browserName: chrome, browserVersion: 135.0.7049.97, chrome: {chromedriverVersion: 135.0.7049.42 (0f351bbd2617..., userDataDir: C:\Users\anyat\AppData\Loca...}, fedcm:accounts: true, goog:chromeOptions: {debuggerAddress: localhost:51770}, networkConnectionEnabled: false, pageLoadStrategy: normal, platformName: windows, proxy: Proxy(), se:cdp: ws://localhost:51770/devtoo..., se:cdpVersion: 135.0.7049.97, setWindowRect: true, strictFileInteractability: false, timeouts: {implicit: 0, pageLoad: 300000, script: 30000}, unhandledPromptBehavior: dismiss and notify, webauthn:extension:credBlob: true, webauthn:extension:largeBlob: true, webauthn:extension:minPinLength: true, webauthn:extension:prf: true, webauthn:virtualAuthenticators: true}
Session ID: e77e2f0d287b709993e48d3c7c749014
13:33:57.778 [Test worker] INFO  com.phonebook.utils.MyListener -- =========================================================
13:33:57.779 [Test worker] INFO  com.phonebook.utils.MyListener -- Object target -&gt; org.openqa.selenium.remote.RemoteWebDriver$RemoteTargetLocator@21c815e4
13:33:57.779 [Test worker] INFO  com.phonebook.utils.MyListener -- =========================================================
13:33:58.298 [Test worker] INFO  com.phonebook.utils.MyListener -- The test has a problem
13:33:58.298 [Test worker] INFO  com.phonebook.utils.MyListener -- =========================================================
13:33:58.298 [Test worker] INFO  com.phonebook.utils.MyListener -- Method -&gt; alert
13:33:58.298 [Test worker] INFO  com.phonebook.utils.MyListener -- =========================================================
13:33:58.299 [Test worker] INFO  com.phonebook.utils.MyListener -- TargetException -&gt; org.openqa.selenium.NoAlertPresentException: no such alert
  (Session info: chrome=135.0.7049.97)
Build info: version: '4.31.0', revision: '1ef9f18787*'
System info: os.name: 'Windows 11', os.arch: 'amd64', os.version: '10.0', java.version: '17.0.13'
Driver info: org.openqa.selenium.chrome.ChromeDriver
Command: [e77e2f0d287b709993e48d3c7c749014, getAlertText {}]
Capabilities {acceptInsecureCerts: false, browserName: chrome, browserVersion: 135.0.7049.97, chrome: {chromedriverVersion: 135.0.7049.42 (0f351bbd2617..., userDataDir: C:\Users\anyat\AppData\Loca...}, fedcm:accounts: true, goog:chromeOptions: {debuggerAddress: localhost:51770}, networkConnectionEnabled: false, pageLoadStrategy: normal, platformName: windows, proxy: Proxy(), se:cdp: ws://localhost:51770/devtoo..., se:cdpVersion: 135.0.7049.97, setWindowRect: true, strictFileInteractability: false, timeouts: {implicit: 0, pageLoad: 300000, script: 30000}, unhandledPromptBehavior: dismiss and notify, webauthn:extension:credBlob: true, webauthn:extension:largeBlob: true, webauthn:extension:minPinLength: true, webauthn:extension:prf: true, webauthn:virtualAuthenticators: true}
Session ID: e77e2f0d287b709993e48d3c7c749014
13:33:58.299 [Test worker] INFO  com.phonebook.utils.MyListener -- =========================================================
13:33:58.300 [Test worker] INFO  com.phonebook.utils.MyListener -- Object target -&gt; org.openqa.selenium.remote.RemoteWebDriver$RemoteTargetLocator@7342e05d
13:33:58.300 [Test worker] INFO  com.phonebook.utils.MyListener -- =========================================================
13:33:58.882 [Test worker] INFO  com.phonebook.tests.TestBase -- PASSED: loginNegativeWithoutEmailTest
13:33:58.883 [Test worker] INFO  com.phonebook.tests.TestBase -- Stop test
13:33:58.883 [Test worker] INFO  com.phonebook.tests.TestBase -- ==========================================================
</pre>
</span>
</div>
</div>
<div id="footer">
<p>
<div>
<label class="hidden" id="label-for-line-wrapping-toggle" for="line-wrapping-toggle">Wrap lines
<input id="line-wrapping-toggle" type="checkbox" autocomplete="off"/>
</label>
</div>Generated by 
<a href="http://www.gradle.org">Gradle 8.11</a> at 30 Apr 2025, 1:34:01 pm</p>
</div>
</div>
</body>
</html>
